20:28:57.020 [JavaFX Application Thread] INFO  Main - Entering application.
20:28:58.200 [JavaFX Application Thread] INFO  Main - Window should be visible.
20:29:01.540 [JavaFX Application Thread] INFO  MainController - diffuculty changed to medium
20:29:02.187 [JavaFX Application Thread] INFO  GameController - "game view initialized"
20:29:02.211 [JavaFX Application Thread] DEBUG GameController - "9x9 textFields generated"
20:29:05.555 [JavaFX Application Thread] DEBUG komponentowe.zadanie2.SudokuBoard - board is not full
20:29:05.556 [JavaFX Application Thread] DEBUG komponentowe.zadanie2.SudokuBoard - board is not full
20:29:05.556 [JavaFX Application Thread] DEBUG komponentowe.zadanie2.SudokuBoard - board is not full
20:29:05.557 [JavaFX Application Thread] DEBUG komponentowe.zadanie2.SudokuBoard - board is not full
20:29:05.558 [JavaFX Application Thread] DEBUG komponentowe.zadanie2.SudokuBoard - board is not full
20:29:05.558 [JavaFX Application Thread] DEBUG komponentowe.zadanie2.SudokuBoard - board is not full
20:29:05.558 [JavaFX Application Thread] DEBUG komponentowe.zadanie2.SudokuBoard - board is not full
20:29:05.558 [JavaFX Application Thread] DEBUG komponentowe.zadanie2.SudokuBoard - board is not full
20:29:05.559 [JavaFX Application Thread] DEBUG komponentowe.zadanie2.SudokuBoard - board is not full
20:29:05.559 [JavaFX Application Thread] DEBUG komponentowe.zadanie2.SudokuBoard - board is not full
20:29:05.559 [JavaFX Application Thread] DEBUG komponentowe.zadanie2.SudokuBoard - board is not full
20:29:05.560 [JavaFX Application Thread] DEBUG komponentowe.zadanie2.SudokuBoard - board is not full
20:29:05.560 [JavaFX Application Thread] DEBUG komponentowe.zadanie2.SudokuBoard - board is not full
20:29:05.560 [JavaFX Application Thread] DEBUG komponentowe.zadanie2.SudokuBoard - board is not full
20:29:05.561 [JavaFX Application Thread] DEBUG komponentowe.zadanie2.SudokuBoard - board is not full
20:29:05.561 [JavaFX Application Thread] DEBUG komponentowe.zadanie2.SudokuBoard - board is not full
20:29:05.561 [JavaFX Application Thread] DEBUG komponentowe.zadanie2.SudokuBoard - board is not full
20:29:05.562 [JavaFX Application Thread] DEBUG komponentowe.zadanie2.SudokuBoard - board is not full
20:29:05.562 [JavaFX Application Thread] DEBUG komponentowe.zadanie2.SudokuBoard - board is not full
20:29:05.562 [JavaFX Application Thread] DEBUG komponentowe.zadanie2.SudokuBoard - board is not full
20:29:05.563 [JavaFX Application Thread] DEBUG komponentowe.zadanie2.SudokuBoard - board is not full
20:29:05.563 [JavaFX Application Thread] DEBUG komponentowe.zadanie2.SudokuBoard - board is not full
20:29:05.563 [JavaFX Application Thread] DEBUG komponentowe.zadanie2.SudokuBoard - board is not full
20:29:05.563 [JavaFX Application Thread] DEBUG komponentowe.zadanie2.SudokuBoard - board is not full
20:29:05.564 [JavaFX Application Thread] DEBUG komponentowe.zadanie2.SudokuBoard - board is not full
20:29:05.564 [JavaFX Application Thread] DEBUG komponentowe.zadanie2.SudokuBoard - board is not full
20:29:05.564 [JavaFX Application Thread] DEBUG komponentowe.zadanie2.SudokuBoard - board is not full
20:29:05.565 [JavaFX Application Thread] DEBUG komponentowe.zadanie2.SudokuBoard - board is not full
20:29:05.565 [JavaFX Application Thread] DEBUG komponentowe.zadanie2.SudokuBoard - board is not full
20:29:05.565 [JavaFX Application Thread] DEBUG komponentowe.zadanie2.SudokuBoard - board is not full
20:29:05.566 [JavaFX Application Thread] DEBUG komponentowe.zadanie2.SudokuBoard - board is not full
20:29:05.566 [JavaFX Application Thread] DEBUG komponentowe.zadanie2.SudokuBoard - board is not full
20:29:05.566 [JavaFX Application Thread] DEBUG komponentowe.zadanie2.SudokuBoard - board is not full
20:29:05.566 [JavaFX Application Thread] DEBUG komponentowe.zadanie2.SudokuBoard - board is not full
20:29:05.567 [JavaFX Application Thread] DEBUG komponentowe.zadanie2.SudokuBoard - board is not full
20:29:05.567 [JavaFX Application Thread] DEBUG komponentowe.zadanie2.SudokuBoard - board is not full
20:29:05.568 [JavaFX Application Thread] DEBUG komponentowe.zadanie2.SudokuBoard - board is not full
20:29:05.568 [JavaFX Application Thread] DEBUG komponentowe.zadanie2.SudokuBoard - board is not full
20:29:05.568 [JavaFX Application Thread] DEBUG komponentowe.zadanie2.SudokuBoard - board is not full
20:29:05.568 [JavaFX Application Thread] DEBUG komponentowe.zadanie2.SudokuBoard - board is not full
20:29:05.569 [JavaFX Application Thread] DEBUG komponentowe.zadanie2.SudokuBoard - board is not full
20:29:05.569 [JavaFX Application Thread] DEBUG komponentowe.zadanie2.SudokuBoard - board is not full
20:29:05.569 [JavaFX Application Thread] DEBUG komponentowe.zadanie2.SudokuBoard - board is not full
20:29:05.570 [JavaFX Application Thread] DEBUG komponentowe.zadanie2.SudokuBoard - board is not full
20:29:05.570 [JavaFX Application Thread] DEBUG komponentowe.zadanie2.SudokuBoard - board is not full
20:29:05.570 [JavaFX Application Thread] DEBUG komponentowe.zadanie2.SudokuBoard - board is not full
20:29:05.570 [JavaFX Application Thread] DEBUG komponentowe.zadanie2.SudokuBoard - board is not full
20:29:05.571 [JavaFX Application Thread] DEBUG komponentowe.zadanie2.SudokuBoard - board is not full
20:29:05.571 [JavaFX Application Thread] DEBUG komponentowe.zadanie2.SudokuBoard - board is not full
20:29:05.571 [JavaFX Application Thread] DEBUG komponentowe.zadanie2.SudokuBoard - board is not full
20:29:05.572 [JavaFX Application Thread] DEBUG komponentowe.zadanie2.SudokuBoard - board is not full
20:29:05.572 [JavaFX Application Thread] DEBUG komponentowe.zadanie2.SudokuBoard - board is not full
20:29:05.572 [JavaFX Application Thread] DEBUG komponentowe.zadanie2.SudokuBoard - board is not full
20:29:05.573 [JavaFX Application Thread] DEBUG komponentowe.zadanie2.SudokuBoard - board is not full
20:29:05.573 [JavaFX Application Thread] DEBUG komponentowe.zadanie2.SudokuBoard - board is not full
20:29:05.573 [JavaFX Application Thread] DEBUG komponentowe.zadanie2.SudokuBoard - board is not full
20:29:05.574 [JavaFX Application Thread] DEBUG komponentowe.zadanie2.SudokuBoard - board is not full
20:29:05.574 [JavaFX Application Thread] DEBUG komponentowe.zadanie2.SudokuBoard - board is not full
20:29:05.576 [JavaFX Application Thread] DEBUG komponentowe.zadanie2.SudokuBoard - board is not full
20:29:05.577 [JavaFX Application Thread] DEBUG komponentowe.zadanie2.SudokuBoard - board is not full
20:29:05.577 [JavaFX Application Thread] DEBUG komponentowe.zadanie2.SudokuBoard - board is not full
20:29:05.577 [JavaFX Application Thread] DEBUG komponentowe.zadanie2.SudokuBoard - board is not full
20:29:05.578 [JavaFX Application Thread] DEBUG komponentowe.zadanie2.SudokuBoard - board is not full
20:29:05.578 [JavaFX Application Thread] DEBUG komponentowe.zadanie2.SudokuBoard - board is not full
20:29:05.578 [JavaFX Application Thread] DEBUG komponentowe.zadanie2.SudokuBoard - board is not full
20:29:05.578 [JavaFX Application Thread] DEBUG komponentowe.zadanie2.SudokuBoard - board is not full
20:29:05.578 [JavaFX Application Thread] DEBUG komponentowe.zadanie2.SudokuBoard - board is not full
20:29:05.579 [JavaFX Application Thread] DEBUG komponentowe.zadanie2.SudokuBoard - board is not full
20:29:05.579 [JavaFX Application Thread] DEBUG komponentowe.zadanie2.SudokuBoard - board is not full
20:29:05.579 [JavaFX Application Thread] DEBUG komponentowe.zadanie2.SudokuBoard - board is not full
20:29:05.579 [JavaFX Application Thread] DEBUG komponentowe.zadanie2.SudokuBoard - board is not full
20:29:05.580 [JavaFX Application Thread] DEBUG komponentowe.zadanie2.SudokuBoard - board is not full
20:29:05.580 [JavaFX Application Thread] DEBUG komponentowe.zadanie2.SudokuBoard - board is not full
20:29:05.581 [JavaFX Application Thread] DEBUG komponentowe.zadanie2.SudokuBoard - board is not full
20:29:05.581 [JavaFX Application Thread] DEBUG komponentowe.zadanie2.SudokuBoard - board is not full
20:29:05.581 [JavaFX Application Thread] DEBUG komponentowe.zadanie2.SudokuBoard - board is not full
20:29:05.582 [JavaFX Application Thread] DEBUG komponentowe.zadanie2.SudokuBoard - board is not full
20:29:05.582 [JavaFX Application Thread] DEBUG komponentowe.zadanie2.SudokuBoard - board is not full
20:29:05.583 [JavaFX Application Thread] DEBUG komponentowe.zadanie2.SudokuBoard - board is not full
20:29:05.583 [JavaFX Application Thread] DEBUG komponentowe.zadanie2.SudokuBoard - board is not full
20:29:05.583 [JavaFX Application Thread] DEBUG komponentowe.zadanie2.SudokuBoard - board is not full
20:29:05.583 [JavaFX Application Thread] DEBUG komponentowe.zadanie2.SudokuBoard - board is not full
20:29:05.584 [JavaFX Application Thread] DEBUG komponentowe.zadanie2.SudokuBoard - board is not full
20:29:05.584 [JavaFX Application Thread] DEBUG komponentowe.zadanie2.SudokuBoard - board is not full
20:29:05.584 [JavaFX Application Thread] DEBUG komponentowe.zadanie2.SudokuBoard - board is not full
20:29:05.584 [JavaFX Application Thread] DEBUG komponentowe.zadanie2.SudokuBoard - board is not full
20:29:05.585 [JavaFX Application Thread] DEBUG komponentowe.zadanie2.SudokuBoard - board is full
20:29:05.585 [JavaFX Application Thread] DEBUG komponentowe.zadanie2.SudokuBoard - board is correctly filled
20:29:05.585 [JavaFX Application Thread] DEBUG GameController - "new board got generated!"
20:29:05.586 [JavaFX Application Thread] DEBUG komponentowe.zadanie2.DifficultyLevel - cleared 31 fields
20:29:05.586 [JavaFX Application Thread] DEBUG GameController - "saveObject created"
20:29:05.613 [JavaFX Application Thread] TRACE GameController - "Generated board is ok!"
20:29:05.614 [JavaFX Application Thread] DEBUG GameController - 
0 0 0 0 3 4 5 7 6 
9 7 3 0 6 5 1 4 0 
4 0 6 7 1 0 0 0 2 
3 0 0 0 0 0 4 1 0 
0 4 5 1 7 9 0 0 0 
1 8 7 3 0 0 0 0 5 
0 0 4 6 0 0 7 0 9 
7 6 2 4 9 3 8 5 1 
0 9 1 5 0 7 6 3 4 

20:32:21.678 [JavaFX Application Thread] INFO  Main - Entering application.
20:32:22.494 [JavaFX Application Thread] INFO  Main - Window should be visible.
20:32:24.483 [JavaFX Application Thread] INFO  GameController - "game view initialized"
20:32:24.507 [JavaFX Application Thread] DEBUG GameController - "9x9 textFields generated"
20:32:26.917 [JavaFX Application Thread] DEBUG komponentowe.zadanie2.SudokuBoard - board is not full
20:32:26.917 [JavaFX Application Thread] DEBUG komponentowe.zadanie2.SudokuBoard - board is not full
20:32:26.917 [JavaFX Application Thread] DEBUG komponentowe.zadanie2.SudokuBoard - board is not full
20:32:26.918 [JavaFX Application Thread] DEBUG komponentowe.zadanie2.SudokuBoard - board is not full
20:32:26.918 [JavaFX Application Thread] DEBUG komponentowe.zadanie2.SudokuBoard - board is not full
20:32:26.918 [JavaFX Application Thread] DEBUG komponentowe.zadanie2.SudokuBoard - board is not full
20:32:26.918 [JavaFX Application Thread] DEBUG komponentowe.zadanie2.SudokuBoard - board is not full
20:32:26.919 [JavaFX Application Thread] DEBUG komponentowe.zadanie2.SudokuBoard - board is not full
20:32:26.919 [JavaFX Application Thread] DEBUG komponentowe.zadanie2.SudokuBoard - board is not full
20:32:26.919 [JavaFX Application Thread] DEBUG komponentowe.zadanie2.SudokuBoard - board is not full
20:32:26.920 [JavaFX Application Thread] DEBUG komponentowe.zadanie2.SudokuBoard - board is not full
20:32:26.920 [JavaFX Application Thread] DEBUG komponentowe.zadanie2.SudokuBoard - board is not full
20:32:26.920 [JavaFX Application Thread] DEBUG komponentowe.zadanie2.SudokuBoard - board is not full
20:32:26.920 [JavaFX Application Thread] DEBUG komponentowe.zadanie2.SudokuBoard - board is not full
20:32:26.921 [JavaFX Application Thread] DEBUG komponentowe.zadanie2.SudokuBoard - board is not full
20:32:26.921 [JavaFX Application Thread] DEBUG komponentowe.zadanie2.SudokuBoard - board is not full
20:32:26.922 [JavaFX Application Thread] DEBUG komponentowe.zadanie2.SudokuBoard - board is not full
20:32:26.922 [JavaFX Application Thread] DEBUG komponentowe.zadanie2.SudokuBoard - board is not full
20:32:26.923 [JavaFX Application Thread] DEBUG komponentowe.zadanie2.SudokuBoard - board is not full
20:32:26.923 [JavaFX Application Thread] DEBUG komponentowe.zadanie2.SudokuBoard - board is not full
20:32:26.924 [JavaFX Application Thread] DEBUG komponentowe.zadanie2.SudokuBoard - board is not full
20:32:26.924 [JavaFX Application Thread] DEBUG komponentowe.zadanie2.SudokuBoard - board is not full
20:32:26.925 [JavaFX Application Thread] DEBUG komponentowe.zadanie2.SudokuBoard - board is not full
20:32:26.925 [JavaFX Application Thread] DEBUG komponentowe.zadanie2.SudokuBoard - board is not full
20:32:26.926 [JavaFX Application Thread] DEBUG komponentowe.zadanie2.SudokuBoard - board is not full
20:32:26.926 [JavaFX Application Thread] DEBUG komponentowe.zadanie2.SudokuBoard - board is not full
20:32:26.926 [JavaFX Application Thread] DEBUG komponentowe.zadanie2.SudokuBoard - board is not full
20:32:26.927 [JavaFX Application Thread] DEBUG komponentowe.zadanie2.SudokuBoard - board is not full
20:32:26.927 [JavaFX Application Thread] DEBUG komponentowe.zadanie2.SudokuBoard - board is not full
20:32:26.927 [JavaFX Application Thread] DEBUG komponentowe.zadanie2.SudokuBoard - board is not full
20:32:26.928 [JavaFX Application Thread] DEBUG komponentowe.zadanie2.SudokuBoard - board is not full
20:32:26.928 [JavaFX Application Thread] DEBUG komponentowe.zadanie2.SudokuBoard - board is not full
20:32:26.929 [JavaFX Application Thread] DEBUG komponentowe.zadanie2.SudokuBoard - board is not full
20:32:26.929 [JavaFX Application Thread] DEBUG komponentowe.zadanie2.SudokuBoard - board is not full
20:32:26.929 [JavaFX Application Thread] DEBUG komponentowe.zadanie2.SudokuBoard - board is not full
20:32:26.930 [JavaFX Application Thread] DEBUG komponentowe.zadanie2.SudokuBoard - board is not full
20:32:26.930 [JavaFX Application Thread] DEBUG komponentowe.zadanie2.SudokuBoard - board is not full
20:32:26.930 [JavaFX Application Thread] DEBUG komponentowe.zadanie2.SudokuBoard - board is not full
20:32:26.930 [JavaFX Application Thread] DEBUG komponentowe.zadanie2.SudokuBoard - board is not full
20:32:26.930 [JavaFX Application Thread] DEBUG komponentowe.zadanie2.SudokuBoard - board is not full
20:32:26.931 [JavaFX Application Thread] DEBUG komponentowe.zadanie2.SudokuBoard - board is not full
20:32:26.932 [JavaFX Application Thread] DEBUG komponentowe.zadanie2.SudokuBoard - board is not full
20:32:26.932 [JavaFX Application Thread] DEBUG komponentowe.zadanie2.SudokuBoard - board is not full
20:32:26.932 [JavaFX Application Thread] DEBUG komponentowe.zadanie2.SudokuBoard - board is not full
20:32:26.932 [JavaFX Application Thread] DEBUG komponentowe.zadanie2.SudokuBoard - board is not full
20:32:26.932 [JavaFX Application Thread] DEBUG komponentowe.zadanie2.SudokuBoard - board is not full
20:32:26.933 [JavaFX Application Thread] DEBUG komponentowe.zadanie2.SudokuBoard - board is not full
20:32:26.933 [JavaFX Application Thread] DEBUG komponentowe.zadanie2.SudokuBoard - board is not full
20:32:26.933 [JavaFX Application Thread] DEBUG komponentowe.zadanie2.SudokuBoard - board is not full
20:32:26.933 [JavaFX Application Thread] DEBUG komponentowe.zadanie2.SudokuBoard - board is not full
20:32:26.934 [JavaFX Application Thread] DEBUG komponentowe.zadanie2.SudokuBoard - board is not full
20:32:26.934 [JavaFX Application Thread] DEBUG komponentowe.zadanie2.SudokuBoard - board is not full
20:32:26.935 [JavaFX Application Thread] DEBUG komponentowe.zadanie2.SudokuBoard - board is not full
20:32:26.935 [JavaFX Application Thread] DEBUG komponentowe.zadanie2.SudokuBoard - board is not full
20:32:26.935 [JavaFX Application Thread] DEBUG komponentowe.zadanie2.SudokuBoard - board is not full
20:32:26.936 [JavaFX Application Thread] DEBUG komponentowe.zadanie2.SudokuBoard - board is not full
20:32:26.936 [JavaFX Application Thread] DEBUG komponentowe.zadanie2.SudokuBoard - board is not full
20:32:26.936 [JavaFX Application Thread] DEBUG komponentowe.zadanie2.SudokuBoard - board is not full
20:32:26.937 [JavaFX Application Thread] DEBUG komponentowe.zadanie2.SudokuBoard - board is not full
20:32:26.937 [JavaFX Application Thread] DEBUG komponentowe.zadanie2.SudokuBoard - board is not full
20:32:26.937 [JavaFX Application Thread] DEBUG komponentowe.zadanie2.SudokuBoard - board is not full
20:32:26.938 [JavaFX Application Thread] DEBUG komponentowe.zadanie2.SudokuBoard - board is not full
20:32:26.938 [JavaFX Application Thread] DEBUG komponentowe.zadanie2.SudokuBoard - board is not full
20:32:26.938 [JavaFX Application Thread] DEBUG komponentowe.zadanie2.SudokuBoard - board is not full
20:32:26.939 [JavaFX Application Thread] DEBUG komponentowe.zadanie2.SudokuBoard - board is not full
20:32:26.939 [JavaFX Application Thread] DEBUG komponentowe.zadanie2.SudokuBoard - board is not full
20:32:26.939 [JavaFX Application Thread] DEBUG komponentowe.zadanie2.SudokuBoard - board is not full
20:32:26.939 [JavaFX Application Thread] DEBUG komponentowe.zadanie2.SudokuBoard - board is not full
20:32:26.940 [JavaFX Application Thread] DEBUG komponentowe.zadanie2.SudokuBoard - board is not full
20:32:26.940 [JavaFX Application Thread] DEBUG komponentowe.zadanie2.SudokuBoard - board is not full
20:32:26.940 [JavaFX Application Thread] DEBUG komponentowe.zadanie2.SudokuBoard - board is not full
20:32:26.940 [JavaFX Application Thread] DEBUG komponentowe.zadanie2.SudokuBoard - board is not full
20:32:26.940 [JavaFX Application Thread] DEBUG komponentowe.zadanie2.SudokuBoard - board is not full
20:32:26.941 [JavaFX Application Thread] DEBUG komponentowe.zadanie2.SudokuBoard - board is not full
20:32:26.941 [JavaFX Application Thread] DEBUG komponentowe.zadanie2.SudokuBoard - board is not full
20:32:26.941 [JavaFX Application Thread] DEBUG komponentowe.zadanie2.SudokuBoard - board is not full
20:32:26.941 [JavaFX Application Thread] DEBUG komponentowe.zadanie2.SudokuBoard - board is not full
20:32:26.941 [JavaFX Application Thread] DEBUG komponentowe.zadanie2.SudokuBoard - board is not full
20:32:26.942 [JavaFX Application Thread] DEBUG komponentowe.zadanie2.SudokuBoard - board is not full
20:32:26.942 [JavaFX Application Thread] DEBUG komponentowe.zadanie2.SudokuBoard - board is not full
20:32:26.942 [JavaFX Application Thread] DEBUG komponentowe.zadanie2.SudokuBoard - board is not full
20:32:26.942 [JavaFX Application Thread] DEBUG komponentowe.zadanie2.SudokuBoard - board is not full
20:32:26.943 [JavaFX Application Thread] DEBUG komponentowe.zadanie2.SudokuBoard - board is not full
20:32:26.943 [JavaFX Application Thread] DEBUG komponentowe.zadanie2.SudokuBoard - board is not full
20:32:26.943 [JavaFX Application Thread] DEBUG komponentowe.zadanie2.SudokuBoard - board is not full
20:32:26.943 [JavaFX Application Thread] DEBUG komponentowe.zadanie2.SudokuBoard - board is not full
20:32:26.944 [JavaFX Application Thread] DEBUG komponentowe.zadanie2.SudokuBoard - board is not full
20:32:26.944 [JavaFX Application Thread] DEBUG komponentowe.zadanie2.SudokuBoard - board is not full
20:32:26.944 [JavaFX Application Thread] DEBUG komponentowe.zadanie2.SudokuBoard - board is not full
20:32:26.944 [JavaFX Application Thread] DEBUG komponentowe.zadanie2.SudokuBoard - board is not full
20:32:26.945 [JavaFX Application Thread] DEBUG komponentowe.zadanie2.SudokuBoard - board is not full
20:32:26.945 [JavaFX Application Thread] DEBUG komponentowe.zadanie2.SudokuBoard - board is not full
20:32:26.945 [JavaFX Application Thread] DEBUG komponentowe.zadanie2.SudokuBoard - board is not full
20:32:26.945 [JavaFX Application Thread] DEBUG komponentowe.zadanie2.SudokuBoard - board is not full
20:32:26.946 [JavaFX Application Thread] DEBUG komponentowe.zadanie2.SudokuBoard - board is not full
20:32:26.946 [JavaFX Application Thread] DEBUG komponentowe.zadanie2.SudokuBoard - board is not full
20:32:26.946 [JavaFX Application Thread] DEBUG komponentowe.zadanie2.SudokuBoard - board is not full
20:32:26.946 [JavaFX Application Thread] DEBUG komponentowe.zadanie2.SudokuBoard - board is not full
20:32:26.946 [JavaFX Application Thread] DEBUG komponentowe.zadanie2.SudokuBoard - board is not full
20:32:26.947 [JavaFX Application Thread] DEBUG komponentowe.zadanie2.SudokuBoard - board is not full
20:32:26.947 [JavaFX Application Thread] DEBUG komponentowe.zadanie2.SudokuBoard - board is not full
20:32:26.947 [JavaFX Application Thread] DEBUG komponentowe.zadanie2.SudokuBoard - board is not full
20:32:26.947 [JavaFX Application Thread] DEBUG komponentowe.zadanie2.SudokuBoard - board is not full
20:32:26.948 [JavaFX Application Thread] DEBUG komponentowe.zadanie2.SudokuBoard - board is not full
20:32:26.948 [JavaFX Application Thread] DEBUG komponentowe.zadanie2.SudokuBoard - board is not full
20:32:26.948 [JavaFX Application Thread] DEBUG komponentowe.zadanie2.SudokuBoard - board is not full
20:32:26.948 [JavaFX Application Thread] DEBUG komponentowe.zadanie2.SudokuBoard - board is not full
20:32:26.948 [JavaFX Application Thread] DEBUG komponentowe.zadanie2.SudokuBoard - board is not full
20:32:26.949 [JavaFX Application Thread] DEBUG komponentowe.zadanie2.SudokuBoard - board is not full
20:32:26.949 [JavaFX Application Thread] DEBUG komponentowe.zadanie2.SudokuBoard - board is not full
20:32:26.949 [JavaFX Application Thread] DEBUG komponentowe.zadanie2.SudokuBoard - board is not full
20:32:26.949 [JavaFX Application Thread] DEBUG komponentowe.zadanie2.SudokuBoard - board is not full
20:32:26.950 [JavaFX Application Thread] DEBUG komponentowe.zadanie2.SudokuBoard - board is not full
20:32:26.950 [JavaFX Application Thread] DEBUG komponentowe.zadanie2.SudokuBoard - board is not full
20:32:26.950 [JavaFX Application Thread] DEBUG komponentowe.zadanie2.SudokuBoard - board is not full
20:32:26.950 [JavaFX Application Thread] DEBUG komponentowe.zadanie2.SudokuBoard - board is not full
20:32:26.950 [JavaFX Application Thread] DEBUG komponentowe.zadanie2.SudokuBoard - board is not full
20:32:26.951 [JavaFX Application Thread] DEBUG komponentowe.zadanie2.SudokuBoard - board is not full
20:32:26.951 [JavaFX Application Thread] DEBUG komponentowe.zadanie2.SudokuBoard - board is not full
20:32:26.951 [JavaFX Application Thread] DEBUG komponentowe.zadanie2.SudokuBoard - board is not full
20:32:26.951 [JavaFX Application Thread] DEBUG komponentowe.zadanie2.SudokuBoard - board is not full
20:32:26.952 [JavaFX Application Thread] DEBUG komponentowe.zadanie2.SudokuBoard - board is not full
20:32:26.952 [JavaFX Application Thread] DEBUG komponentowe.zadanie2.SudokuBoard - board is not full
20:32:26.952 [JavaFX Application Thread] DEBUG komponentowe.zadanie2.SudokuBoard - board is not full
20:32:26.952 [JavaFX Application Thread] DEBUG komponentowe.zadanie2.SudokuBoard - board is not full
20:32:26.953 [JavaFX Application Thread] DEBUG komponentowe.zadanie2.SudokuBoard - board is not full
20:32:26.953 [JavaFX Application Thread] DEBUG komponentowe.zadanie2.SudokuBoard - board is not full
20:32:26.953 [JavaFX Application Thread] DEBUG komponentowe.zadanie2.SudokuBoard - board is not full
20:32:26.953 [JavaFX Application Thread] DEBUG komponentowe.zadanie2.SudokuBoard - board is not full
20:32:26.953 [JavaFX Application Thread] DEBUG komponentowe.zadanie2.SudokuBoard - board is not full
20:32:26.954 [JavaFX Application Thread] DEBUG komponentowe.zadanie2.SudokuBoard - board is not full
20:32:26.954 [JavaFX Application Thread] DEBUG komponentowe.zadanie2.SudokuBoard - board is full
20:32:26.954 [JavaFX Application Thread] DEBUG komponentowe.zadanie2.SudokuBoard - board is correctly filled
20:32:26.954 [JavaFX Application Thread] DEBUG GameController - "new board got generated!"
20:32:26.956 [JavaFX Application Thread] DEBUG komponentowe.zadanie2.DifficultyLevel - cleared 11 fields
20:32:26.956 [JavaFX Application Thread] DEBUG GameController - "saveObject created"
20:32:27.012 [JavaFX Application Thread] TRACE GameController - "Generated board is ok!"
20:32:27.013 [JavaFX Application Thread] DEBUG GameController - 
8 1 7 6 0 9 0 5 3 
4 6 9 1 5 3 2 7 8 
0 5 2 8 4 7 9 1 6 
0 3 1 2 6 4 7 8 0 
7 2 6 5 0 0 0 3 4 
0 4 8 3 7 1 5 6 2 
1 0 3 0 8 5 6 2 7 
6 7 5 9 3 2 8 4 1 
2 8 4 7 1 6 3 9 5 

21:00:46.659 [JavaFX Application Thread] INFO  Main - Entering application.
21:00:48.243 [JavaFX Application Thread] INFO  Main - Window should be visible.
21:00:49.816 [JavaFX Application Thread] INFO  MainController - diffuculty changed to medium
21:00:50.322 [JavaFX Application Thread] INFO  MainController - diffuculty changed to hard
21:00:50.850 [JavaFX Application Thread] INFO  GameController - "game view initialized"
21:00:50.878 [JavaFX Application Thread] DEBUG GameController - "9x9 textFields generated"
21:00:53.069 [JavaFX Application Thread] DEBUG komponentowe.zadanie2.SudokuBoard - board is not full
21:00:53.069 [JavaFX Application Thread] DEBUG komponentowe.zadanie2.SudokuBoard - board is not full
21:00:53.070 [JavaFX Application Thread] DEBUG komponentowe.zadanie2.SudokuBoard - board is not full
21:00:53.070 [JavaFX Application Thread] DEBUG komponentowe.zadanie2.SudokuBoard - board is not full
21:00:53.071 [JavaFX Application Thread] DEBUG komponentowe.zadanie2.SudokuBoard - board is not full
21:00:53.071 [JavaFX Application Thread] DEBUG komponentowe.zadanie2.SudokuBoard - board is not full
21:00:53.071 [JavaFX Application Thread] DEBUG komponentowe.zadanie2.SudokuBoard - board is not full
21:00:53.072 [JavaFX Application Thread] DEBUG komponentowe.zadanie2.SudokuBoard - board is not full
21:00:53.072 [JavaFX Application Thread] DEBUG komponentowe.zadanie2.SudokuBoard - board is not full
21:00:53.072 [JavaFX Application Thread] DEBUG komponentowe.zadanie2.SudokuBoard - board is not full
21:00:53.073 [JavaFX Application Thread] DEBUG komponentowe.zadanie2.SudokuBoard - board is not full
21:00:53.073 [JavaFX Application Thread] DEBUG komponentowe.zadanie2.SudokuBoard - board is not full
21:00:53.073 [JavaFX Application Thread] DEBUG komponentowe.zadanie2.SudokuBoard - board is not full
21:00:53.074 [JavaFX Application Thread] DEBUG komponentowe.zadanie2.SudokuBoard - board is not full
21:00:53.074 [JavaFX Application Thread] DEBUG komponentowe.zadanie2.SudokuBoard - board is not full
21:00:53.074 [JavaFX Application Thread] DEBUG komponentowe.zadanie2.SudokuBoard - board is not full
21:00:53.075 [JavaFX Application Thread] DEBUG komponentowe.zadanie2.SudokuBoard - board is not full
21:00:53.075 [JavaFX Application Thread] DEBUG komponentowe.zadanie2.SudokuBoard - board is not full
21:00:53.075 [JavaFX Application Thread] DEBUG komponentowe.zadanie2.SudokuBoard - board is not full
21:00:53.076 [JavaFX Application Thread] DEBUG komponentowe.zadanie2.SudokuBoard - board is not full
21:00:53.076 [JavaFX Application Thread] DEBUG komponentowe.zadanie2.SudokuBoard - board is not full
21:00:53.076 [JavaFX Application Thread] DEBUG komponentowe.zadanie2.SudokuBoard - board is not full
21:00:53.077 [JavaFX Application Thread] DEBUG komponentowe.zadanie2.SudokuBoard - board is not full
21:00:53.077 [JavaFX Application Thread] DEBUG komponentowe.zadanie2.SudokuBoard - board is not full
21:00:53.077 [JavaFX Application Thread] DEBUG komponentowe.zadanie2.SudokuBoard - board is not full
21:00:53.078 [JavaFX Application Thread] DEBUG komponentowe.zadanie2.SudokuBoard - board is not full
21:00:53.078 [JavaFX Application Thread] DEBUG komponentowe.zadanie2.SudokuBoard - board is not full
21:00:53.078 [JavaFX Application Thread] DEBUG komponentowe.zadanie2.SudokuBoard - board is not full
21:00:53.079 [JavaFX Application Thread] DEBUG komponentowe.zadanie2.SudokuBoard - board is not full
21:00:53.079 [JavaFX Application Thread] DEBUG komponentowe.zadanie2.SudokuBoard - board is not full
21:00:53.080 [JavaFX Application Thread] DEBUG komponentowe.zadanie2.SudokuBoard - board is not full
21:00:53.080 [JavaFX Application Thread] DEBUG komponentowe.zadanie2.SudokuBoard - board is not full
21:00:53.080 [JavaFX Application Thread] DEBUG komponentowe.zadanie2.SudokuBoard - board is not full
21:00:53.081 [JavaFX Application Thread] DEBUG komponentowe.zadanie2.SudokuBoard - board is not full
21:00:53.081 [JavaFX Application Thread] DEBUG komponentowe.zadanie2.SudokuBoard - board is not full
21:00:53.082 [JavaFX Application Thread] DEBUG komponentowe.zadanie2.SudokuBoard - board is not full
21:00:53.082 [JavaFX Application Thread] DEBUG komponentowe.zadanie2.SudokuBoard - board is not full
21:00:53.082 [JavaFX Application Thread] DEBUG komponentowe.zadanie2.SudokuBoard - board is not full
21:00:53.083 [JavaFX Application Thread] DEBUG komponentowe.zadanie2.SudokuBoard - board is not full
21:00:53.083 [JavaFX Application Thread] DEBUG komponentowe.zadanie2.SudokuBoard - board is not full
21:00:53.084 [JavaFX Application Thread] DEBUG komponentowe.zadanie2.SudokuBoard - board is not full
21:00:53.084 [JavaFX Application Thread] DEBUG komponentowe.zadanie2.SudokuBoard - board is not full
21:00:53.084 [JavaFX Application Thread] DEBUG komponentowe.zadanie2.SudokuBoard - board is not full
21:00:53.085 [JavaFX Application Thread] DEBUG komponentowe.zadanie2.SudokuBoard - board is not full
21:00:53.085 [JavaFX Application Thread] DEBUG komponentowe.zadanie2.SudokuBoard - board is not full
21:00:53.085 [JavaFX Application Thread] DEBUG komponentowe.zadanie2.SudokuBoard - board is not full
21:00:53.086 [JavaFX Application Thread] DEBUG komponentowe.zadanie2.SudokuBoard - board is not full
21:00:53.086 [JavaFX Application Thread] DEBUG komponentowe.zadanie2.SudokuBoard - board is not full
21:00:53.086 [JavaFX Application Thread] DEBUG komponentowe.zadanie2.SudokuBoard - board is not full
21:00:53.087 [JavaFX Application Thread] DEBUG komponentowe.zadanie2.SudokuBoard - board is not full
21:00:53.087 [JavaFX Application Thread] DEBUG komponentowe.zadanie2.SudokuBoard - board is not full
21:00:53.088 [JavaFX Application Thread] DEBUG komponentowe.zadanie2.SudokuBoard - board is not full
21:00:53.088 [JavaFX Application Thread] DEBUG komponentowe.zadanie2.SudokuBoard - board is not full
21:00:53.088 [JavaFX Application Thread] DEBUG komponentowe.zadanie2.SudokuBoard - board is not full
21:00:53.089 [JavaFX Application Thread] DEBUG komponentowe.zadanie2.SudokuBoard - board is not full
21:00:53.089 [JavaFX Application Thread] DEBUG komponentowe.zadanie2.SudokuBoard - board is not full
21:00:53.089 [JavaFX Application Thread] DEBUG komponentowe.zadanie2.SudokuBoard - board is not full
21:00:53.089 [JavaFX Application Thread] DEBUG komponentowe.zadanie2.SudokuBoard - board is not full
21:00:53.090 [JavaFX Application Thread] DEBUG komponentowe.zadanie2.SudokuBoard - board is not full
21:00:53.090 [JavaFX Application Thread] DEBUG komponentowe.zadanie2.SudokuBoard - board is not full
21:00:53.090 [JavaFX Application Thread] DEBUG komponentowe.zadanie2.SudokuBoard - board is not full
21:00:53.090 [JavaFX Application Thread] DEBUG komponentowe.zadanie2.SudokuBoard - board is not full
21:00:53.090 [JavaFX Application Thread] DEBUG komponentowe.zadanie2.SudokuBoard - board is not full
21:00:53.091 [JavaFX Application Thread] DEBUG komponentowe.zadanie2.SudokuBoard - board is not full
21:00:53.091 [JavaFX Application Thread] DEBUG komponentowe.zadanie2.SudokuBoard - board is not full
21:00:53.091 [JavaFX Application Thread] DEBUG komponentowe.zadanie2.SudokuBoard - board is not full
21:00:53.091 [JavaFX Application Thread] DEBUG komponentowe.zadanie2.SudokuBoard - board is not full
21:00:53.092 [JavaFX Application Thread] DEBUG komponentowe.zadanie2.SudokuBoard - board is not full
21:00:53.092 [JavaFX Application Thread] DEBUG komponentowe.zadanie2.SudokuBoard - board is not full
21:00:53.092 [JavaFX Application Thread] DEBUG komponentowe.zadanie2.SudokuBoard - board is not full
21:00:53.092 [JavaFX Application Thread] DEBUG komponentowe.zadanie2.SudokuBoard - board is not full
21:00:53.092 [JavaFX Application Thread] DEBUG komponentowe.zadanie2.SudokuBoard - board is not full
21:00:53.093 [JavaFX Application Thread] DEBUG komponentowe.zadanie2.SudokuBoard - board is not full
21:00:53.093 [JavaFX Application Thread] DEBUG komponentowe.zadanie2.SudokuBoard - board is not full
21:00:53.093 [JavaFX Application Thread] DEBUG komponentowe.zadanie2.SudokuBoard - board is not full
21:00:53.093 [JavaFX Application Thread] DEBUG komponentowe.zadanie2.SudokuBoard - board is not full
21:00:53.094 [JavaFX Application Thread] DEBUG komponentowe.zadanie2.SudokuBoard - board is not full
21:00:53.094 [JavaFX Application Thread] DEBUG komponentowe.zadanie2.SudokuBoard - board is not full
21:00:53.094 [JavaFX Application Thread] DEBUG komponentowe.zadanie2.SudokuBoard - board is not full
21:00:53.094 [JavaFX Application Thread] DEBUG komponentowe.zadanie2.SudokuBoard - board is not full
21:00:53.095 [JavaFX Application Thread] DEBUG komponentowe.zadanie2.SudokuBoard - board is not full
21:00:53.095 [JavaFX Application Thread] DEBUG komponentowe.zadanie2.SudokuBoard - board is not full
21:00:53.095 [JavaFX Application Thread] DEBUG komponentowe.zadanie2.SudokuBoard - board is not full
21:00:53.095 [JavaFX Application Thread] DEBUG komponentowe.zadanie2.SudokuBoard - board is not full
21:00:53.095 [JavaFX Application Thread] DEBUG komponentowe.zadanie2.SudokuBoard - board is not full
21:00:53.096 [JavaFX Application Thread] DEBUG komponentowe.zadanie2.SudokuBoard - board is not full
21:00:53.096 [JavaFX Application Thread] DEBUG komponentowe.zadanie2.SudokuBoard - board is not full
21:00:53.096 [JavaFX Application Thread] DEBUG komponentowe.zadanie2.SudokuBoard - board is full
21:00:53.096 [JavaFX Application Thread] DEBUG komponentowe.zadanie2.SudokuBoard - board is correctly filled
21:00:53.097 [JavaFX Application Thread] DEBUG GameController - "new board got generated!"
21:00:53.097 [JavaFX Application Thread] DEBUG komponentowe.zadanie2.DifficultyLevel - cleared 51 fields
21:00:53.098 [JavaFX Application Thread] DEBUG GameController - "saveObject created"
21:00:53.131 [JavaFX Application Thread] TRACE GameController - "Generated board is ok!"
21:00:53.132 [JavaFX Application Thread] DEBUG GameController - 
2 3 0 0 4 8 7 0 6 
0 0 0 0 0 5 0 1 0 
5 9 8 0 0 1 2 4 0 
0 2 0 0 0 0 0 6 0 
0 5 0 0 7 0 0 0 0 
0 0 0 8 0 0 0 2 1 
0 0 5 0 0 7 0 9 0 
0 0 0 5 0 0 1 0 4 
0 1 0 0 2 0 0 3 0 

21:00:54.100 [JavaFX Application Thread] DEBUG GameController - "textfield changed from" to 1
21:00:54.101 [JavaFX Application Thread] DEBUG GameController - "current state of saveObject: 
"original:
2 3 0 0 4 8 7 0 6 
0 0 0 0 0 5 0 1 0 
5 9 8 0 0 1 2 4 0 
0 2 0 0 0 0 0 6 0 
0 5 0 0 7 0 0 0 0 
0 0 0 8 0 0 0 2 1 
0 0 5 0 0 7 0 9 0 
0 0 0 5 0 0 1 0 4 
0 1 0 0 2 0 0 3 0 
current:
2 3 0 0 4 8 7 0 6 
0 0 0 0 0 5 0 1 0 
5 9 8 0 0 1 2 4 0 
0 2 0 0 0 0 0 6 0 
0 5 0 0 7 0 0 0 0 
0 0 0 8 0 0 0 2 1 
0 0 5 0 0 7 0 9 0 
0 0 0 5 0 0 1 0 4 
0 1 0 0 2 0 0 3 0 

21:00:54.102 [JavaFX Application Thread] DEBUG komponentowe.zadanie2.SudokuBoard - board is not full
21:00:54.389 [JavaFX Application Thread] DEBUG GameController - "textfield changed from" to 1
21:00:54.389 [JavaFX Application Thread] DEBUG GameController - "current state of saveObject: 
"original:
2 3 0 0 4 8 7 0 6 
0 0 0 0 0 5 0 1 0 
5 9 8 0 0 1 2 4 0 
0 2 0 0 0 0 0 6 0 
0 5 0 0 7 0 0 0 0 
0 0 0 8 0 0 0 2 1 
0 0 5 0 0 7 0 9 0 
0 0 0 5 0 0 1 0 4 
0 1 0 0 2 0 0 3 0 
current:
2 3 0 0 4 8 7 0 6 
0 0 0 0 0 5 0 1 0 
5 9 8 0 0 1 2 4 0 
0 2 0 0 0 0 0 6 0 
0 5 0 0 7 0 0 0 0 
0 0 0 8 0 0 0 2 1 
0 0 5 0 0 7 0 9 0 
0 0 0 5 0 0 1 0 4 
0 1 0 0 2 0 0 3 0 

21:00:54.390 [JavaFX Application Thread] DEBUG komponentowe.zadanie2.SudokuBoard - board is not full
21:00:54.651 [JavaFX Application Thread] DEBUG GameController - "textfield changed from" to 1
21:00:54.651 [JavaFX Application Thread] DEBUG GameController - "current state of saveObject: 
"original:
2 3 0 0 4 8 7 0 6 
0 0 0 0 0 5 0 1 0 
5 9 8 0 0 1 2 4 0 
0 2 0 0 0 0 0 6 0 
0 5 0 0 7 0 0 0 0 
0 0 0 8 0 0 0 2 1 
0 0 5 0 0 7 0 9 0 
0 0 0 5 0 0 1 0 4 
0 1 0 0 2 0 0 3 0 
current:
2 3 0 0 4 8 7 0 6 
0 0 0 0 0 5 0 1 0 
5 9 8 0 0 1 2 4 0 
0 2 0 0 0 0 0 6 0 
0 5 0 0 7 0 0 0 0 
0 0 0 8 0 0 0 2 1 
0 0 5 0 0 7 0 9 0 
0 0 0 5 0 0 1 0 4 
0 1 0 0 2 0 0 3 0 

21:00:54.651 [JavaFX Application Thread] DEBUG komponentowe.zadanie2.SudokuBoard - board is not full
21:00:55.083 [JavaFX Application Thread] DEBUG GameController - "textfield changed from" to 1
21:00:55.083 [JavaFX Application Thread] DEBUG GameController - "current state of saveObject: 
"original:
2 3 0 0 4 8 7 0 6 
0 0 0 0 0 5 0 1 0 
5 9 8 0 0 1 2 4 0 
0 2 0 0 0 0 0 6 0 
0 5 0 0 7 0 0 0 0 
0 0 0 8 0 0 0 2 1 
0 0 5 0 0 7 0 9 0 
0 0 0 5 0 0 1 0 4 
0 1 0 0 2 0 0 3 0 
current:
2 3 0 0 4 8 7 0 6 
0 0 0 0 0 5 0 1 0 
5 9 8 0 0 1 2 4 0 
0 2 0 0 0 0 0 6 0 
0 5 0 0 7 0 0 0 0 
0 0 0 8 0 0 0 2 1 
0 0 5 0 0 7 0 9 0 
0 0 0 5 0 0 1 0 4 
0 1 0 0 2 0 0 3 0 

21:00:55.083 [JavaFX Application Thread] DEBUG komponentowe.zadanie2.SudokuBoard - board is not full
21:00:55.366 [JavaFX Application Thread] DEBUG GameController - "textfield changed from" to 1
21:00:55.366 [JavaFX Application Thread] DEBUG GameController - "current state of saveObject: 
"original:
2 3 0 0 4 8 7 0 6 
0 0 0 0 0 5 0 1 0 
5 9 8 0 0 1 2 4 0 
0 2 0 0 0 0 0 6 0 
0 5 0 0 7 0 0 0 0 
0 0 0 8 0 0 0 2 1 
0 0 5 0 0 7 0 9 0 
0 0 0 5 0 0 1 0 4 
0 1 0 0 2 0 0 3 0 
current:
2 3 0 1 4 8 7 0 6 
0 0 0 0 0 5 0 1 0 
5 9 8 0 0 1 2 4 0 
0 2 0 0 0 0 0 6 0 
0 5 0 0 7 0 0 0 0 
0 0 0 8 0 0 0 2 1 
0 0 5 0 0 7 0 9 0 
0 0 0 5 0 0 1 0 4 
0 1 0 0 2 0 0 3 0 

21:00:55.366 [JavaFX Application Thread] DEBUG komponentowe.zadanie2.SudokuBoard - board is not full
21:00:55.654 [JavaFX Application Thread] DEBUG GameController - "textfield changed from" to 1
21:00:55.654 [JavaFX Application Thread] DEBUG GameController - "current state of saveObject: 
"original:
2 3 0 0 4 8 7 0 6 
0 0 0 0 0 5 0 1 0 
5 9 8 0 0 1 2 4 0 
0 2 0 0 0 0 0 6 0 
0 5 0 0 7 0 0 0 0 
0 0 0 8 0 0 0 2 1 
0 0 5 0 0 7 0 9 0 
0 0 0 5 0 0 1 0 4 
0 1 0 0 2 0 0 3 0 
current:
2 3 0 1 4 8 7 0 6 
0 0 0 0 0 5 0 1 0 
5 9 8 0 0 1 2 4 0 
0 2 0 0 0 0 0 6 0 
0 5 0 0 7 0 0 0 0 
0 0 0 8 0 0 0 2 1 
0 0 5 0 0 7 0 9 0 
0 0 0 5 0 0 1 0 4 
0 1 0 0 2 0 0 3 0 

21:00:55.654 [JavaFX Application Thread] DEBUG komponentowe.zadanie2.SudokuBoard - board is not full
21:00:55.945 [JavaFX Application Thread] DEBUG GameController - "textfield changed from" to 1
21:00:55.945 [JavaFX Application Thread] DEBUG GameController - "current state of saveObject: 
"original:
2 3 0 0 4 8 7 0 6 
0 0 0 0 0 5 0 1 0 
5 9 8 0 0 1 2 4 0 
0 2 0 0 0 0 0 6 0 
0 5 0 0 7 0 0 0 0 
0 0 0 8 0 0 0 2 1 
0 0 5 0 0 7 0 9 0 
0 0 0 5 0 0 1 0 4 
0 1 0 0 2 0 0 3 0 
current:
2 3 0 1 4 8 7 0 6 
0 0 0 0 0 5 0 1 0 
5 9 8 0 0 1 2 4 0 
0 2 0 0 0 0 0 6 0 
0 5 0 0 7 0 0 0 0 
0 0 0 8 0 0 0 2 1 
0 0 5 0 0 7 0 9 0 
0 0 0 5 0 0 1 0 4 
0 1 0 0 2 0 0 3 0 

21:00:55.945 [JavaFX Application Thread] DEBUG komponentowe.zadanie2.SudokuBoard - board is not full
21:00:56.292 [JavaFX Application Thread] DEBUG GameController - "textfield changed from" to 1
21:00:56.292 [JavaFX Application Thread] DEBUG GameController - "current state of saveObject: 
"original:
2 3 0 0 4 8 7 0 6 
0 0 0 0 0 5 0 1 0 
5 9 8 0 0 1 2 4 0 
0 2 0 0 0 0 0 6 0 
0 5 0 0 7 0 0 0 0 
0 0 0 8 0 0 0 2 1 
0 0 5 0 0 7 0 9 0 
0 0 0 5 0 0 1 0 4 
0 1 0 0 2 0 0 3 0 
current:
2 3 0 1 4 8 7 0 6 
0 0 0 0 0 5 0 1 0 
5 9 8 0 1 1 2 4 0 
0 2 0 0 0 0 0 6 0 
0 5 0 0 7 0 0 0 0 
0 0 0 8 0 0 0 2 1 
0 0 5 0 0 7 0 9 0 
0 0 0 5 0 0 1 0 4 
0 1 0 0 2 0 0 3 0 

21:00:56.293 [JavaFX Application Thread] DEBUG komponentowe.zadanie2.SudokuBoard - board is not full
21:00:56.647 [JavaFX Application Thread] DEBUG GameController - "textfield changed from" to 1
21:00:56.647 [JavaFX Application Thread] DEBUG GameController - "current state of saveObject: 
"original:
2 3 0 0 4 8 7 0 6 
0 0 0 0 0 5 0 1 0 
5 9 8 0 0 1 2 4 0 
0 2 0 0 0 0 0 6 0 
0 5 0 0 7 0 0 0 0 
0 0 0 8 0 0 0 2 1 
0 0 5 0 0 7 0 9 0 
0 0 0 5 0 0 1 0 4 
0 1 0 0 2 0 0 3 0 
current:
2 3 0 1 4 8 7 0 6 
0 0 0 0 0 5 0 1 0 
5 9 8 0 1 1 2 4 0 
0 2 0 0 0 0 0 6 0 
0 5 0 0 7 0 0 0 0 
0 0 0 8 0 0 0 2 1 
0 0 5 0 0 7 0 9 0 
0 0 0 5 0 0 1 0 4 
0 1 0 0 2 0 0 3 0 

21:00:56.647 [JavaFX Application Thread] DEBUG komponentowe.zadanie2.SudokuBoard - board is not full
21:00:56.992 [JavaFX Application Thread] DEBUG GameController - "textfield changed from" to 1
21:00:56.992 [JavaFX Application Thread] DEBUG GameController - "current state of saveObject: 
"original:
2 3 0 0 4 8 7 0 6 
0 0 0 0 0 5 0 1 0 
5 9 8 0 0 1 2 4 0 
0 2 0 0 0 0 0 6 0 
0 5 0 0 7 0 0 0 0 
0 0 0 8 0 0 0 2 1 
0 0 5 0 0 7 0 9 0 
0 0 0 5 0 0 1 0 4 
0 1 0 0 2 0 0 3 0 
current:
2 3 0 1 4 8 7 0 6 
0 0 0 0 0 5 0 1 0 
5 9 8 0 1 1 2 4 0 
0 2 0 0 1 0 0 6 0 
0 5 0 0 7 0 0 0 0 
0 0 0 8 0 0 0 2 1 
0 0 5 0 0 7 0 9 0 
0 0 0 5 0 0 1 0 4 
0 1 0 0 2 0 0 3 0 

21:00:56.993 [JavaFX Application Thread] DEBUG komponentowe.zadanie2.SudokuBoard - board is not full
21:00:57.318 [JavaFX Application Thread] DEBUG GameController - "textfield changed from" to 1
21:00:57.318 [JavaFX Application Thread] DEBUG GameController - "current state of saveObject: 
"original:
2 3 0 0 4 8 7 0 6 
0 0 0 0 0 5 0 1 0 
5 9 8 0 0 1 2 4 0 
0 2 0 0 0 0 0 6 0 
0 5 0 0 7 0 0 0 0 
0 0 0 8 0 0 0 2 1 
0 0 5 0 0 7 0 9 0 
0 0 0 5 0 0 1 0 4 
0 1 0 0 2 0 0 3 0 
current:
2 3 0 1 4 8 7 0 6 
0 0 0 0 0 5 0 1 0 
5 9 8 0 1 1 2 4 0 
0 2 0 0 1 1 0 6 0 
0 5 0 0 7 0 0 0 0 
0 0 0 8 0 0 0 2 1 
0 0 5 0 0 7 0 9 0 
0 0 0 5 0 0 1 0 4 
0 1 0 0 2 0 0 3 0 

21:00:57.318 [JavaFX Application Thread] DEBUG komponentowe.zadanie2.SudokuBoard - board is not full
21:00:57.636 [JavaFX Application Thread] DEBUG GameController - "textfield changed from" to 1
21:00:57.636 [JavaFX Application Thread] DEBUG GameController - "current state of saveObject: 
"original:
2 3 0 0 4 8 7 0 6 
0 0 0 0 0 5 0 1 0 
5 9 8 0 0 1 2 4 0 
0 2 0 0 0 0 0 6 0 
0 5 0 0 7 0 0 0 0 
0 0 0 8 0 0 0 2 1 
0 0 5 0 0 7 0 9 0 
0 0 0 5 0 0 1 0 4 
0 1 0 0 2 0 0 3 0 
current:
2 3 0 1 4 8 7 0 6 
0 0 0 0 0 5 0 1 0 
5 9 8 0 1 1 2 4 0 
0 2 0 0 1 1 0 6 0 
0 5 0 0 7 0 0 0 0 
0 0 0 8 0 0 0 2 1 
0 0 5 0 0 7 0 9 0 
0 0 0 5 0 0 1 0 4 
0 1 0 0 2 0 0 3 0 

21:00:57.636 [JavaFX Application Thread] DEBUG komponentowe.zadanie2.SudokuBoard - board is not full
21:00:58.003 [JavaFX Application Thread] DEBUG GameController - "textfield changed from" to 1
21:00:58.004 [JavaFX Application Thread] DEBUG GameController - "current state of saveObject: 
"original:
2 3 0 0 4 8 7 0 6 
0 0 0 0 0 5 0 1 0 
5 9 8 0 0 1 2 4 0 
0 2 0 0 0 0 0 6 0 
0 5 0 0 7 0 0 0 0 
0 0 0 8 0 0 0 2 1 
0 0 5 0 0 7 0 9 0 
0 0 0 5 0 0 1 0 4 
0 1 0 0 2 0 0 3 0 
current:
2 3 0 1 4 8 7 0 6 
0 0 0 0 0 5 0 1 0 
5 9 8 0 1 1 2 4 0 
0 2 0 0 1 1 0 6 0 
0 5 0 0 7 0 0 0 0 
0 0 0 8 0 1 0 2 1 
0 0 5 0 0 7 0 9 0 
0 0 0 5 0 0 1 0 4 
0 1 0 0 2 0 0 3 0 

21:00:58.004 [JavaFX Application Thread] DEBUG komponentowe.zadanie2.SudokuBoard - board is not full
21:00:58.316 [JavaFX Application Thread] DEBUG GameController - "textfield changed from" to 1
21:00:58.316 [JavaFX Application Thread] DEBUG GameController - "current state of saveObject: 
"original:
2 3 0 0 4 8 7 0 6 
0 0 0 0 0 5 0 1 0 
5 9 8 0 0 1 2 4 0 
0 2 0 0 0 0 0 6 0 
0 5 0 0 7 0 0 0 0 
0 0 0 8 0 0 0 2 1 
0 0 5 0 0 7 0 9 0 
0 0 0 5 0 0 1 0 4 
0 1 0 0 2 0 0 3 0 
current:
2 3 0 1 4 8 7 0 6 
0 0 0 0 0 5 0 1 0 
5 9 8 0 1 1 2 4 0 
0 2 0 0 1 1 0 6 0 
0 5 0 0 7 0 0 0 0 
0 0 0 8 0 1 0 2 1 
0 0 5 0 0 7 0 9 0 
0 0 0 5 0 0 1 0 4 
0 1 0 0 2 0 0 3 0 

21:00:58.316 [JavaFX Application Thread] DEBUG komponentowe.zadanie2.SudokuBoard - board is not full
21:00:58.660 [JavaFX Application Thread] DEBUG GameController - "textfield changed from" to 1
21:00:58.660 [JavaFX Application Thread] DEBUG GameController - "current state of saveObject: 
"original:
2 3 0 0 4 8 7 0 6 
0 0 0 0 0 5 0 1 0 
5 9 8 0 0 1 2 4 0 
0 2 0 0 0 0 0 6 0 
0 5 0 0 7 0 0 0 0 
0 0 0 8 0 0 0 2 1 
0 0 5 0 0 7 0 9 0 
0 0 0 5 0 0 1 0 4 
0 1 0 0 2 0 0 3 0 
current:
2 3 0 1 4 8 7 0 6 
0 0 0 0 0 5 0 1 0 
5 9 8 0 1 1 2 4 0 
0 2 0 0 1 1 0 6 0 
0 5 0 0 7 0 0 0 0 
0 0 0 8 0 1 0 2 1 
0 0 5 0 0 7 0 9 0 
0 0 0 5 0 0 1 0 4 
0 1 0 0 2 0 0 3 0 

21:00:58.661 [JavaFX Application Thread] DEBUG komponentowe.zadanie2.SudokuBoard - board is not full
21:00:58.974 [JavaFX Application Thread] DEBUG GameController - "textfield changed from" to 1
21:00:58.974 [JavaFX Application Thread] DEBUG GameController - "current state of saveObject: 
"original:
2 3 0 0 4 8 7 0 6 
0 0 0 0 0 5 0 1 0 
5 9 8 0 0 1 2 4 0 
0 2 0 0 0 0 0 6 0 
0 5 0 0 7 0 0 0 0 
0 0 0 8 0 0 0 2 1 
0 0 5 0 0 7 0 9 0 
0 0 0 5 0 0 1 0 4 
0 1 0 0 2 0 0 3 0 
current:
2 3 0 1 4 8 7 0 6 
0 0 0 0 0 5 0 1 0 
5 9 8 0 1 1 2 4 0 
0 2 0 0 1 1 0 6 0 
0 5 0 0 7 0 0 0 0 
0 0 0 8 0 1 0 2 1 
0 0 5 0 0 7 0 9 0 
0 0 0 5 0 0 1 0 4 
0 1 0 0 2 0 0 3 0 

21:00:58.974 [JavaFX Application Thread] DEBUG komponentowe.zadanie2.SudokuBoard - board is not full
21:00:59.246 [JavaFX Application Thread] DEBUG GameController - "textfield changed from" to 1
21:00:59.246 [JavaFX Application Thread] DEBUG GameController - "current state of saveObject: 
"original:
2 3 0 0 4 8 7 0 6 
0 0 0 0 0 5 0 1 0 
5 9 8 0 0 1 2 4 0 
0 2 0 0 0 0 0 6 0 
0 5 0 0 7 0 0 0 0 
0 0 0 8 0 0 0 2 1 
0 0 5 0 0 7 0 9 0 
0 0 0 5 0 0 1 0 4 
0 1 0 0 2 0 0 3 0 
current:
2 3 0 1 4 8 7 0 6 
0 0 0 0 0 5 0 1 0 
5 9 8 0 1 1 2 4 0 
0 2 0 0 1 1 0 6 0 
0 5 0 0 7 0 0 0 0 
0 0 0 8 0 1 0 2 1 
0 0 5 0 0 7 0 9 0 
0 0 0 5 0 0 1 0 4 
0 1 0 0 2 0 0 3 0 

21:00:59.246 [JavaFX Application Thread] DEBUG komponentowe.zadanie2.SudokuBoard - board is not full
21:00:59.561 [JavaFX Application Thread] DEBUG GameController - "textfield changed from" to 1
21:00:59.561 [JavaFX Application Thread] DEBUG GameController - "current state of saveObject: 
"original:
2 3 0 0 4 8 7 0 6 
0 0 0 0 0 5 0 1 0 
5 9 8 0 0 1 2 4 0 
0 2 0 0 0 0 0 6 0 
0 5 0 0 7 0 0 0 0 
0 0 0 8 0 0 0 2 1 
0 0 5 0 0 7 0 9 0 
0 0 0 5 0 0 1 0 4 
0 1 0 0 2 0 0 3 0 
current:
2 3 0 1 4 8 7 0 6 
0 0 0 0 0 5 0 1 0 
5 9 8 0 1 1 2 4 0 
0 2 0 0 1 1 0 6 0 
0 5 0 0 7 0 0 0 0 
0 0 0 8 0 1 0 2 1 
0 0 5 0 0 7 0 9 0 
0 0 0 5 0 0 1 0 4 
0 1 0 0 2 0 0 3 0 

21:00:59.561 [JavaFX Application Thread] DEBUG komponentowe.zadanie2.SudokuBoard - board is not full
21:00:59.846 [JavaFX Application Thread] DEBUG GameController - "textfield changed from" to 1
21:00:59.846 [JavaFX Application Thread] DEBUG GameController - "current state of saveObject: 
"original:
2 3 0 0 4 8 7 0 6 
0 0 0 0 0 5 0 1 0 
5 9 8 0 0 1 2 4 0 
0 2 0 0 0 0 0 6 0 
0 5 0 0 7 0 0 0 0 
0 0 0 8 0 0 0 2 1 
0 0 5 0 0 7 0 9 0 
0 0 0 5 0 0 1 0 4 
0 1 0 0 2 0 0 3 0 
current:
2 3 0 1 4 8 7 0 6 
0 0 0 0 0 5 0 1 0 
5 9 8 0 1 1 2 4 0 
0 2 0 0 1 1 0 6 0 
0 5 0 0 7 0 0 0 0 
0 0 0 8 0 1 0 2 1 
0 0 5 0 0 7 0 9 0 
0 0 0 5 0 0 1 0 4 
0 1 0 0 2 0 0 3 0 

21:00:59.846 [JavaFX Application Thread] DEBUG komponentowe.zadanie2.SudokuBoard - board is not full
21:01:00.154 [JavaFX Application Thread] DEBUG GameController - "textfield changed from" to 1
21:01:00.154 [JavaFX Application Thread] DEBUG GameController - "current state of saveObject: 
"original:
2 3 0 0 4 8 7 0 6 
0 0 0 0 0 5 0 1 0 
5 9 8 0 0 1 2 4 0 
0 2 0 0 0 0 0 6 0 
0 5 0 0 7 0 0 0 0 
0 0 0 8 0 0 0 2 1 
0 0 5 0 0 7 0 9 0 
0 0 0 5 0 0 1 0 4 
0 1 0 0 2 0 0 3 0 
current:
2 3 0 1 4 8 7 0 6 
0 0 0 0 0 5 0 1 0 
5 9 8 0 1 1 2 4 0 
0 2 0 0 1 1 0 6 0 
0 5 0 0 7 0 0 0 0 
0 0 0 8 0 1 0 2 1 
0 0 5 0 0 7 0 9 0 
0 0 0 5 0 0 1 0 4 
0 1 0 0 2 0 0 3 0 

21:01:00.155 [JavaFX Application Thread] DEBUG komponentowe.zadanie2.SudokuBoard - board is not full
21:01:00.827 [JavaFX Application Thread] DEBUG GameController - "textfield changed from" to 1
21:01:00.827 [JavaFX Application Thread] DEBUG GameController - "current state of saveObject: 
"original:
2 3 0 0 4 8 7 0 6 
0 0 0 0 0 5 0 1 0 
5 9 8 0 0 1 2 4 0 
0 2 0 0 0 0 0 6 0 
0 5 0 0 7 0 0 0 0 
0 0 0 8 0 0 0 2 1 
0 0 5 0 0 7 0 9 0 
0 0 0 5 0 0 1 0 4 
0 1 0 0 2 0 0 3 0 
current:
2 3 0 1 4 8 7 0 6 
0 0 0 0 0 5 0 1 0 
5 9 8 0 1 1 2 4 0 
0 2 0 0 1 1 0 6 0 
0 5 0 0 7 0 0 0 0 
0 0 0 8 0 1 0 2 1 
0 0 5 0 0 7 0 9 0 
0 0 0 5 0 0 1 0 4 
0 1 0 0 2 0 0 3 0 

21:01:00.827 [JavaFX Application Thread] DEBUG komponentowe.zadanie2.SudokuBoard - board is not full
21:01:01.223 [JavaFX Application Thread] DEBUG GameController - "textfield changed from" to 1
21:01:01.223 [JavaFX Application Thread] DEBUG GameController - "current state of saveObject: 
"original:
2 3 0 0 4 8 7 0 6 
0 0 0 0 0 5 0 1 0 
5 9 8 0 0 1 2 4 0 
0 2 0 0 0 0 0 6 0 
0 5 0 0 7 0 0 0 0 
0 0 0 8 0 0 0 2 1 
0 0 5 0 0 7 0 9 0 
0 0 0 5 0 0 1 0 4 
0 1 0 0 2 0 0 3 0 
current:
2 3 0 1 4 8 7 0 6 
0 0 0 0 0 5 0 1 0 
5 9 8 0 1 1 2 4 0 
0 2 0 0 1 1 0 6 0 
0 5 0 0 7 0 0 0 0 
0 0 0 8 0 1 0 2 1 
0 0 5 0 0 7 0 9 0 
0 0 0 5 0 0 1 0 4 
0 1 0 0 2 0 0 3 0 

21:01:01.223 [JavaFX Application Thread] DEBUG komponentowe.zadanie2.SudokuBoard - board is not full
21:01:01.743 [JavaFX Application Thread] DEBUG GameController - "textfield changed from" to 1
21:01:01.744 [JavaFX Application Thread] DEBUG GameController - "current state of saveObject: 
"original:
2 3 0 0 4 8 7 0 6 
0 0 0 0 0 5 0 1 0 
5 9 8 0 0 1 2 4 0 
0 2 0 0 0 0 0 6 0 
0 5 0 0 7 0 0 0 0 
0 0 0 8 0 0 0 2 1 
0 0 5 0 0 7 0 9 0 
0 0 0 5 0 0 1 0 4 
0 1 0 0 2 0 0 3 0 
current:
2 3 0 1 4 8 7 0 6 
0 0 0 0 0 5 0 1 0 
5 9 8 0 1 1 2 4 0 
0 2 0 0 1 1 0 6 0 
0 5 0 0 7 0 0 0 0 
0 0 0 8 0 1 0 2 1 
0 0 5 0 0 7 0 9 0 
0 0 0 5 0 0 1 0 4 
0 1 0 0 2 0 0 3 0 

21:01:01.744 [JavaFX Application Thread] DEBUG komponentowe.zadanie2.SudokuBoard - board is not full
21:01:02.054 [JavaFX Application Thread] DEBUG GameController - "textfield changed from" to 1
21:01:02.055 [JavaFX Application Thread] DEBUG GameController - "current state of saveObject: 
"original:
2 3 0 0 4 8 7 0 6 
0 0 0 0 0 5 0 1 0 
5 9 8 0 0 1 2 4 0 
0 2 0 0 0 0 0 6 0 
0 5 0 0 7 0 0 0 0 
0 0 0 8 0 0 0 2 1 
0 0 5 0 0 7 0 9 0 
0 0 0 5 0 0 1 0 4 
0 1 0 0 2 0 0 3 0 
current:
2 3 0 1 4 8 7 0 6 
0 0 0 0 0 5 0 1 0 
5 9 8 0 1 1 2 4 0 
0 2 0 0 1 1 0 6 0 
0 5 0 0 7 0 0 0 0 
0 0 0 8 0 1 0 2 1 
0 0 5 0 0 7 0 9 0 
0 0 0 5 0 0 1 0 4 
0 1 0 0 2 0 0 3 0 

21:01:02.055 [JavaFX Application Thread] DEBUG komponentowe.zadanie2.SudokuBoard - board is not full
21:01:02.334 [JavaFX Application Thread] DEBUG GameController - "textfield changed from" to 1
21:01:02.334 [JavaFX Application Thread] DEBUG GameController - "current state of saveObject: 
"original:
2 3 0 0 4 8 7 0 6 
0 0 0 0 0 5 0 1 0 
5 9 8 0 0 1 2 4 0 
0 2 0 0 0 0 0 6 0 
0 5 0 0 7 0 0 0 0 
0 0 0 8 0 0 0 2 1 
0 0 5 0 0 7 0 9 0 
0 0 0 5 0 0 1 0 4 
0 1 0 0 2 0 0 3 0 
current:
2 3 0 1 4 8 7 0 6 
0 0 0 0 0 5 0 1 0 
5 9 8 0 1 1 2 4 0 
0 2 0 0 1 1 0 6 0 
0 5 0 0 7 0 0 0 0 
0 0 0 8 0 1 0 2 1 
0 0 5 0 0 7 0 9 0 
0 0 0 5 0 0 1 0 4 
0 1 0 0 2 0 0 3 0 

21:01:02.334 [JavaFX Application Thread] DEBUG komponentowe.zadanie2.SudokuBoard - board is not full
21:01:02.888 [JavaFX Application Thread] DEBUG GameController - "textfield changed from" to 1
21:01:02.888 [JavaFX Application Thread] DEBUG GameController - "current state of saveObject: 
"original:
2 3 0 0 4 8 7 0 6 
0 0 0 0 0 5 0 1 0 
5 9 8 0 0 1 2 4 0 
0 2 0 0 0 0 0 6 0 
0 5 0 0 7 0 0 0 0 
0 0 0 8 0 0 0 2 1 
0 0 5 0 0 7 0 9 0 
0 0 0 5 0 0 1 0 4 
0 1 0 0 2 0 0 3 0 
current:
2 3 0 1 4 8 7 0 6 
0 0 0 0 0 5 0 1 0 
5 9 8 0 1 1 2 4 0 
0 2 0 0 1 1 0 6 0 
0 5 0 0 7 0 0 0 0 
0 0 0 8 0 1 0 2 1 
0 0 5 0 0 7 0 9 0 
0 0 0 5 0 0 1 0 4 
0 1 0 0 2 0 0 3 0 

21:01:02.888 [JavaFX Application Thread] DEBUG komponentowe.zadanie2.SudokuBoard - board is not full
21:01:03.231 [JavaFX Application Thread] DEBUG GameController - "textfield changed from" to 1
21:01:03.232 [JavaFX Application Thread] DEBUG GameController - "current state of saveObject: 
"original:
2 3 0 0 4 8 7 0 6 
0 0 0 0 0 5 0 1 0 
5 9 8 0 0 1 2 4 0 
0 2 0 0 0 0 0 6 0 
0 5 0 0 7 0 0 0 0 
0 0 0 8 0 0 0 2 1 
0 0 5 0 0 7 0 9 0 
0 0 0 5 0 0 1 0 4 
0 1 0 0 2 0 0 3 0 
current:
2 3 0 1 4 8 7 0 6 
0 0 0 0 0 5 0 1 0 
5 9 8 0 1 1 2 4 0 
0 2 0 0 1 1 0 6 0 
0 5 0 0 7 0 0 0 0 
0 0 0 8 0 1 0 2 1 
0 0 5 0 0 7 0 9 0 
0 0 0 5 0 0 1 0 4 
0 1 0 0 2 0 0 3 0 

21:01:03.232 [JavaFX Application Thread] DEBUG komponentowe.zadanie2.SudokuBoard - board is not full
21:01:11.962 [JavaFX Application Thread] INFO  GameController - "game view initialized"
21:01:11.975 [JavaFX Application Thread] DEBUG GameController - "9x9 textFields generated"
